# JRE version: OpenJDK Runtime Environment Temurin-21.0.8+9 (21.0.8+9) (build 21.0.8+9-LTS)
# Java VM: OpenJDK 64-Bit Server VM Temurin-21.0.8+9 (21.0.8+9-LTS, mixed mode, sharing, tiered, compressed oops, compressed class ptrs, parallel gc, windows-amd64)
GC Precious Log:
 CardTable entry size: 512
 CPUs: 12 total, 12 available
 Memory: 7876M
 Large Page Support: Disabled
 NUMA Support: Disabled
 Compressed Oops: Enabled (32-bit)
 Alignments: Space 512K, Generation 512K, Heap 2M
 Heap Min Capacity: 100M
 Heap Initial Capacity: 100M
 Heap Max Capacity: 2G
 Pre-touch: Disabled
 Parallel Workers: 10
Heap:
 PSYoungGen      total 4608K, used 4188K [0x00000000d5580000, 0x00000000d5f00000, 0x0000000100000000)
  eden space 3072K, 95% used [0x00000000d5580000,0x00000000d585a078,0x00000000d5880000)
  from space 1536K, 82% used [0x00000000d5d80000,0x00000000d5ebd200,0x00000000d5f00000)
  to   space 2560K, 0% used [0x00000000d5a00000,0x00000000d5a00000,0x00000000d5c80000)
 ParOldGen       total 327680K, used 327619K [0x0000000080000000, 0x0000000094000000, 0x00000000d5580000)
  object space 327680K, 99% used [0x0000000080000000,0x0000000093ff0d98,0x0000000094000000)
 Metaspace       used 78913K, committed 80192K, reserved 1179648K
  class space    used 8243K, committed 8832K, reserved 1048576K
GC Heap History (20 events):
Event: 17811.479 GC heap before
{Heap before GC invocations=988 (full 4):
 PSYoungGen      total 2560K, used 2272K [0x00000000d5580000, 0x00000000d5900000, 0x0000000100000000)
  eden space 2048K, 100% used [0x00000000d5580000,0x00000000d5780000,0x00000000d5780000)
  from space 512K, 43% used [0x00000000d5880000,0x00000000d58b8000,0x00000000d5900000)
  to   space 512K, 0% used [0x00000000d5800000,0x00000000d5800000,0x00000000d5880000)
 ParOldGen       total 318464K, used 318436K [0x0000000080000000, 0x0000000093700000, 0x00000000d5580000)
  object space 318464K, 99% used [0x0000000080000000,0x00000000936f9358,0x0000000093700000)
 Metaspace       used 78892K, committed 80192K, reserved 1179648K
  class space    used 8243K, committed 8832K, reserved 1048576K
}
Event: 17811.488 GC heap after
{Heap after GC invocations=988 (full 4):
 PSYoungGen      total 2560K, used 500K [0x00000000d5580000, 0x00000000d5980000, 0x0000000100000000)
  eden space 2048K, 0% used [0x00000000d5580000,0x00000000d5580000,0x00000000d5780000)
  from space 512K, 97% used [0x00000000d5800000,0x00000000d587d200,0x00000000d5880000)
  to   space 1024K, 0% used [0x00000000d5880000,0x00000000d5880000,0x00000000d5980000)
 ParOldGen       total 318976K, used 318500K [0x0000000080000000, 0x0000000093780000, 0x00000000d5580000)
  object space 318976K, 99% used [0x0000000080000000,0x0000000093709368,0x0000000093780000)
 Metaspace       used 78892K, committed 80192K, reserved 1179648K
  class space    used 8243K, committed 8832K, reserved 1048576K
}
Event: 37527.432 GC heap before
{Heap before GC invocations=989 (full 4):
 PSYoungGen      total 2560K, used 2548K [0x00000000d5580000, 0x00000000d5980000, 0x0000000100000000)
  eden space 2048K, 100% used [0x00000000d5580000,0x00000000d5780000,0x00000000d5780000)
  from space 512K, 97% used [0x00000000d5800000,0x00000000d587d200,0x00000000d5880000)
  to   space 1024K, 0% used [0x00000000d5880000,0x00000000d5880000,0x00000000d5980000)
 ParOldGen       total 318976K, used 318500K [0x0000000080000000, 0x0000000093780000, 0x00000000d5580000)
  object space 318976K, 99% used [0x0000000080000000,0x0000000093709368,0x0000000093780000)
 Metaspace       used 78902K, committed 80192K, reserved 1179648K
  class space    used 8243K, committed 8832K, reserved 1048576K
}
Event: 37527.688 GC heap after
{Heap after GC invocations=989 (full 4):
 PSYoungGen      total 2560K, used 448K [0x00000000d5580000, 0x00000000d5900000, 0x0000000100000000)
  eden space 2048K, 0% used [0x00000000d5580000,0x00000000d5580000,0x00000000d5780000)
  from space 512K, 87% used [0x00000000d5880000,0x00000000d58f0000,0x00000000d5900000)
  to   space 512K, 0% used [0x00000000d5800000,0x00000000d5800000,0x00000000d5880000)
 ParOldGen       total 318976K, used 318889K [0x0000000080000000, 0x0000000093780000, 0x00000000d5580000)
  object space 318976K, 99% used [0x0000000080000000,0x000000009376a568,0x0000000093780000)
 Metaspace       used 78902K, committed 80192K, reserved 1179648K
  class space    used 8243K, committed 8832K, reserved 1048576K
}
Event: 37528.452 GC heap before
{Heap before GC invocations=990 (full 4):
 PSYoungGen      total 2560K, used 2496K [0x00000000d5580000, 0x00000000d5900000, 0x0000000100000000)
  eden space 2048K, 100% used [0x00000000d5580000,0x00000000d5780000,0x00000000d5780000)
  from space 512K, 87% used [0x00000000d5880000,0x00000000d58f0000,0x00000000d5900000)
  to   space 512K, 0% used [0x00000000d5800000,0x00000000d5800000,0x00000000d5880000)
 ParOldGen       total 318976K, used 318889K [0x0000000080000000, 0x0000000093780000, 0x00000000d5580000)
  object space 318976K, 99% used [0x0000000080000000,0x000000009376a568,0x0000000093780000)
 Metaspace       used 78904K, committed 80192K, reserved 1179648K
  class space    used 8243K, committed 8832K, reserved 1048576K
}
Event: 37528.464 GC heap after
{Heap after GC invocations=990 (full 4):
 PSYoungGen      total 2560K, used 448K [0x00000000d5580000, 0x00000000d5900000, 0x0000000100000000)
  eden space 2048K, 0% used [0x00000000d5580000,0x00000000d5580000,0x00000000d5780000)
  from space 512K, 87% used [0x00000000d5800000,0x00000000d5870040,0x00000000d5880000)
  to   space 512K, 0% used [0x00000000d5880000,0x00000000d5880000,0x00000000d5900000)
 ParOldGen       total 319488K, used 319217K [0x0000000080000000, 0x0000000093800000, 0x00000000d5580000)
  object space 319488K, 99% used [0x0000000080000000,0x00000000937bc568,0x0000000093800000)
 Metaspace       used 78904K, committed 80192K, reserved 1179648K
  class space    used 8243K, committed 8832K, reserved 1048576K
}
Event: 37528.774 GC heap before
{Heap before GC invocations=991 (full 4):
 PSYoungGen      total 2560K, used 2496K [0x00000000d5580000, 0x00000000d5900000, 0x0000000100000000)
  eden space 2048K, 100% used [0x00000000d5580000,0x00000000d5780000,0x00000000d5780000)
  from space 512K, 87% used [0x00000000d5800000,0x00000000d5870040,0x00000000d5880000)
  to   space 512K, 0% used [0x00000000d5880000,0x00000000d5880000,0x00000000d5900000)
 ParOldGen       total 319488K, used 319217K [0x0000000080000000, 0x0000000093800000, 0x00000000d5580000)
  object space 319488K, 99% used [0x0000000080000000,0x00000000937bc568,0x0000000093800000)
 Metaspace       used 78904K, committed 80192K, reserved 1179648K
  class space    used 8243K, committed 8832K, reserved 1048576K
}
Event: 37528.782 GC heap after
{Heap after GC invocations=991 (full 4):
 PSYoungGen      total 2560K, used 506K [0x00000000d5580000, 0x00000000d5980000, 0x0000000100000000)
  eden space 2048K, 0% used [0x00000000d5580000,0x00000000d5580000,0x00000000d5780000)
  from space 512K, 98% used [0x00000000d5880000,0x00000000d58fe900,0x00000000d5900000)
  to   space 1024K, 0% used [0x00000000d5780000,0x00000000d5780000,0x00000000d5880000)
 ParOldGen       total 319488K, used 319417K [0x0000000080000000, 0x0000000093800000, 0x00000000d5580000)
  object space 319488K, 99% used [0x0000000080000000,0x00000000937ee598,0x0000000093800000)
 Metaspace       used 78904K, committed 80192K, reserved 1179648K
  class space    used 8243K, committed 8832K, reserved 1048576K
}
Event: 37529.346 GC heap before
{Heap before GC invocations=992 (full 4):
 PSYoungGen      total 2560K, used 2554K [0x00000000d5580000, 0x00000000d5980000, 0x0000000100000000)
  eden space 2048K, 100% used [0x00000000d5580000,0x00000000d5780000,0x00000000d5780000)
  from space 512K, 98% used [0x00000000d5880000,0x00000000d58fe900,0x00000000d5900000)
  to   space 1024K, 0% used [0x00000000d5780000,0x00000000d5780000,0x00000000d5880000)
 ParOldGen       total 319488K, used 319417K [0x0000000080000000, 0x0000000093800000, 0x00000000d5580000)
  object space 319488K, 99% used [0x0000000080000000,0x00000000937ee598,0x0000000093800000)
 Metaspace       used 78908K, committed 80192K, reserved 1179648K
  class space    used 8243K, committed 8832K, reserved 1048576K
}
Event: 37529.368 GC heap after
{Heap after GC invocations=992 (full 4):
 PSYoungGen      total 3072K, used 736K [0x00000000d5580000, 0x00000000d5980000, 0x0000000100000000)
  eden space 2048K, 0% used [0x00000000d5580000,0x00000000d5580000,0x00000000d5780000)
  from space 1024K, 71% used [0x00000000d5780000,0x00000000d5838020,0x00000000d5880000)
  to   space 1024K, 0% used [0x00000000d5880000,0x00000000d5880000,0x00000000d5980000)
 ParOldGen       total 320000K, used 319749K [0x0000000080000000, 0x0000000093880000, 0x00000000d5580000)
  object space 320000K, 99% used [0x0000000080000000,0x0000000093841798,0x0000000093880000)
 Metaspace       used 78908K, committed 80192K, reserved 1179648K
  class space    used 8243K, committed 8832K, reserved 1048576K
}
Event: 37529.649 GC heap before
{Heap before GC invocations=993 (full 4):
 PSYoungGen      total 3072K, used 2651K [0x00000000d5580000, 0x00000000d5980000, 0x0000000100000000)
  eden space 2048K, 93% used [0x00000000d5580000,0x00000000d575ecd0,0x00000000d5780000)
  from space 1024K, 71% used [0x00000000d5780000,0x00000000d5838020,0x00000000d5880000)
  to   space 1024K, 0% used [0x00000000d5880000,0x00000000d5880000,0x00000000d5980000)
 ParOldGen       total 320000K, used 319749K [0x0000000080000000, 0x0000000093880000, 0x00000000d5580000)
  object space 320000K, 99% used [0x0000000080000000,0x0000000093841798,0x0000000093880000)
 Metaspace       used 78908K, committed 80192K, reserved 1179648K
  class space    used 8243K, committed 8832K, reserved 1048576K
}
Event: 37529.658 GC heap after
{Heap after GC invocations=993 (full 4):
 PSYoungGen      total 3072K, used 769K [0x00000000d5580000, 0x00000000d5980000, 0x0000000100000000)
  eden space 2048K, 0% used [0x00000000d5580000,0x00000000d5580000,0x00000000d5780000)
  from space 1024K, 75% used [0x00000000d5880000,0x00000000d59405e0,0x00000000d5980000)
  to   space 1024K, 0% used [0x00000000d5780000,0x00000000d5780000,0x00000000d5880000)
 ParOldGen       total 320512K, used 320293K [0x0000000080000000, 0x0000000093900000, 0x00000000d5580000)
  object space 320512K, 99% used [0x0000000080000000,0x00000000938c97d8,0x0000000093900000)
 Metaspace       used 78908K, committed 80192K, reserved 1179648K
  class space    used 8243K, committed 8832K, reserved 1048576K
}
Event: 37529.667 GC heap before
{Heap before GC invocations=994 (full 4):
 PSYoungGen      total 3072K, used 2817K [0x00000000d5580000, 0x00000000d5980000, 0x0000000100000000)
  eden space 2048K, 100% used [0x00000000d5580000,0x00000000d5780000,0x00000000d5780000)
  from space 1024K, 75% used [0x00000000d5880000,0x00000000d59405e0,0x00000000d5980000)
  to   space 1024K, 0% used [0x00000000d5780000,0x00000000d5780000,0x00000000d5880000)
 ParOldGen       total 320512K, used 320293K [0x0000000080000000, 0x0000000093900000, 0x00000000d5580000)
  object space 320512K, 99% used [0x0000000080000000,0x00000000938c97d8,0x0000000093900000)
 Metaspace       used 78908K, committed 80192K, reserved 1179648K
  class space    used 8243K, committed 8832K, reserved 1048576K
}
Event: 37529.674 GC heap after
{Heap after GC invocations=994 (full 4):
 PSYoungGen      total 3072K, used 999K [0x00000000d5580000, 0x00000000d5d80000, 0x0000000100000000)
  eden space 2048K, 0% used [0x00000000d5580000,0x00000000d5580000,0x00000000d5780000)
  from space 1024K, 97% used [0x00000000d5780000,0x00000000d5879ce0,0x00000000d5880000)
  to   space 3072K, 0% used [0x00000000d5a80000,0x00000000d5a80000,0x00000000d5d80000)
 ParOldGen       total 322048K, used 321924K [0x0000000080000000, 0x0000000093a80000, 0x00000000d5580000)
  object space 322048K, 99% used [0x0000000080000000,0x0000000093a610b8,0x0000000093a80000)
 Metaspace       used 78908K, committed 80192K, reserved 1179648K
  class space    used 8243K, committed 8832K, reserved 1048576K
}
Event: 37529.683 GC heap before
{Heap before GC invocations=995 (full 4):
 PSYoungGen      total 3072K, used 3047K [0x00000000d5580000, 0x00000000d5d80000, 0x0000000100000000)
  eden space 2048K, 100% used [0x00000000d5580000,0x00000000d5780000,0x00000000d5780000)
  from space 1024K, 97% used [0x00000000d5780000,0x00000000d5879ce0,0x00000000d5880000)
  to   space 3072K, 0% used [0x00000000d5a80000,0x00000000d5a80000,0x00000000d5d80000)
 ParOldGen       total 322048K, used 321924K [0x0000000080000000, 0x0000000093a80000, 0x00000000d5580000)
  object space 322048K, 99% used [0x0000000080000000,0x0000000093a610b8,0x0000000093a80000)
 Metaspace       used 78908K, committed 80192K, reserved 1179648K
  class space    used 8243K, committed 8832K, reserved 1048576K
}
Event: 37529.689 GC heap after
{Heap after GC invocations=995 (full 4):
 PSYoungGen      total 5120K, used 2176K [0x00000000d5580000, 0x00000000d5d00000, 0x0000000100000000)
  eden space 2560K, 0% used [0x00000000d5580000,0x00000000d5580000,0x00000000d5800000)
  from space 2560K, 85% used [0x00000000d5a80000,0x00000000d5ca0000,0x00000000d5d00000)
  to   space 2560K, 0% used [0x00000000d5800000,0x00000000d5800000,0x00000000d5a80000)
 ParOldGen       total 323072K, used 322979K [0x0000000080000000, 0x0000000093b80000, 0x00000000d5580000)
  object space 323072K, 99% used [0x0000000080000000,0x0000000093b68d98,0x0000000093b80000)
 Metaspace       used 78908K, committed 80192K, reserved 1179648K
  class space    used 8243K, committed 8832K, reserved 1048576K
}
Event: 37529.702 GC heap before
{Heap before GC invocations=996 (full 4):
 PSYoungGen      total 5120K, used 4736K [0x00000000d5580000, 0x00000000d5d00000, 0x0000000100000000)
  eden space 2560K, 100% used [0x00000000d5580000,0x00000000d5800000,0x00000000d5800000)
  from space 2560K, 85% used [0x00000000d5a80000,0x00000000d5ca0000,0x00000000d5d00000)
  to   space 2560K, 0% used [0x00000000d5800000,0x00000000d5800000,0x00000000d5a80000)
 ParOldGen       total 323072K, used 322979K [0x0000000080000000, 0x0000000093b80000, 0x00000000d5580000)
  object space 323072K, 99% used [0x0000000080000000,0x0000000093b68d98,0x0000000093b80000)
 Metaspace       used 78908K, committed 80192K, reserved 1179648K
  class space    used 8243K, committed 8832K, reserved 1048576K
}
Event: 37529.712 GC heap after
{Heap after GC invocations=996 (full 4):
 PSYoungGen      total 5120K, used 2560K [0x00000000d5580000, 0x00000000d6280000, 0x0000000100000000)
  eden space 2560K, 0% used [0x00000000d5580000,0x00000000d5580000,0x00000000d5800000)
  from space 2560K, 100% used [0x00000000d5800000,0x00000000d5a80000,0x00000000d5a80000)
  to   space 5120K, 0% used [0x00000000d5d80000,0x00000000d5d80000,0x00000000d6280000)
 ParOldGen       total 325120K, used 325083K [0x0000000080000000, 0x0000000093d80000, 0x00000000d5580000)
  object space 325120K, 99% used [0x0000000080000000,0x0000000093d76d98,0x0000000093d80000)
 Metaspace       used 78908K, committed 80192K, reserved 1179648K
  class space    used 8243K, committed 8832K, reserved 1048576K
}
Event: 37529.834 GC heap before
{Heap before GC invocations=997 (full 4):
 PSYoungGen      total 5120K, used 5120K [0x00000000d5580000, 0x00000000d6280000, 0x0000000100000000)
  eden space 2560K, 100% used [0x00000000d5580000,0x00000000d5800000,0x00000000d5800000)
  from space 2560K, 100% used [0x00000000d5800000,0x00000000d5a80000,0x00000000d5a80000)
  to   space 5120K, 0% used [0x00000000d5d80000,0x00000000d5d80000,0x00000000d6280000)
 ParOldGen       total 325120K, used 325083K [0x0000000080000000, 0x0000000093d80000, 0x00000000d5580000)
  object space 325120K, 99% used [0x0000000080000000,0x0000000093d76d98,0x0000000093d80000)
 Metaspace       used 78909K, committed 80192K, reserved 1179648K
  class space    used 8243K, committed 8832K, reserved 1048576K
}
Event: 37529.842 GC heap after
{Heap after GC invocations=997 (full 4):
 PSYoungGen      total 4608K, used 1268K [0x00000000d5580000, 0x00000000d5f00000, 0x0000000100000000)
  eden space 3072K, 0% used [0x00000000d5580000,0x00000000d5580000,0x00000000d5880000)
  from space 1536K, 82% used [0x00000000d5d80000,0x00000000d5ebd200,0x00000000d5f00000)
  to   space 2560K, 0% used [0x00000000d5a00000,0x00000000d5a00000,0x00000000d5c80000)
 ParOldGen       total 327680K, used 327619K [0x0000000080000000, 0x0000000094000000, 0x00000000d5580000)
  object space 327680K, 99% used [0x0000000080000000,0x0000000093ff0d98,0x0000000094000000)
 Metaspace       used 78909K, committed 80192K, reserved 1179648K
  class space    used 8243K, committed 8832K, reserved 1048576K
}

